<?xml version="1.0" encoding="UTF-8"?>
<testsuite name="GoogleTest-20260116175718" tests="2" file=".py" time="19.711" timestamp="2026-01-16T17:57:37" failures="0" errors="0" skipped="0">
	<testcase classname="GoogleTest" name="test_test_Test_01" time="11.723" timestamp="2026-01-16T17:57:29" file="google_test.py" line="33">
		<!--Verify that 'Google' is part of the page title-->
	</testcase>
	<testcase classname="GoogleTest" name="test_test_Verify_Page_Title" time="7.988" timestamp="2026-01-16T17:57:37" file="google_test.py" line="40">
		<!--Verify that the page title is exactly 'Google'-->
	</testcase>
</testsuite>
